<?xml version="1.0" encoding="UTF-8"?>
<!-- Generated by org.testng.reporters.JUnitReportReporter -->
<testsuite hostname="sdgl1095" name="com.asc.framework.uitest.test.LoginPageTest" tests="1" failures="0" timestamp="5 Mar 2021 11:58:32 GMT" time="8.151" errors="0">
  <testcase name="VerifyLoginPageTest" time="8.151" classname="com.asc.framework.uitest.test.LoginPageTest"/>
</testsuite> <!-- com.asc.framework.uitest.test.LoginPageTest -->
