<?xml version="1.0" encoding="UTF-8"?>
<!-- Generated by org.testng.reporters.JUnitReportReporter -->
<testsuite hostname="SDGL893" name="com.asc.framework.uitest.test.ContactsPageTest" tests="1" failures="0" timestamp="8 Aug 2020 17:29:39 GMT" time="35.317" errors="0">
  <testcase name="verifyContactsPageLabel" time="35.317" classname="com.asc.framework.uitest.test.ContactsPageTest"/>
</testsuite> <!-- com.asc.framework.uitest.test.ContactsPageTest -->
